[2017-08-21 16:01:42] Текст ошибки: Нет соединения с БД | Файл: D:\WebServer\domains\ishop2.loc\vendor\ishop\core\Db.php | Строка: 14
=================
[2017-08-22 08:49:56] Текст ошибки: Страница не найдена | Файл: D:\WebServer\domains\ishop2.loc\vendor\ishop\core\Router.php | Строка: 39
=================
[2017-08-22 08:49:56] Текст ошибки: Страница не найдена | Файл: D:\WebServer\domains\ishop2.loc\vendor\ishop\core\Router.php | Строка: 39
=================
[2017-08-22 08:52:48] Текст ошибки: Страница не найдена | Файл: D:\WebServer\domains\ishop2.loc\vendor\ishop\core\Router.php | Строка: 39
=================
[2017-08-22 08:52:48] Текст ошибки: Страница не найдена | Файл: D:\WebServer\domains\ishop2.loc\vendor\ishop\core\Router.php | Строка: 39
=================
[2017-08-22 08:52:48] Текст ошибки: Страница не найдена | Файл: D:\WebServer\domains\ishop2.loc\vendor\ishop\core\Router.php | Строка: 39
=================
[2017-08-22 08:52:48] Текст ошибки: Страница не найдена | Файл: D:\WebServer\domains\ishop2.loc\vendor\ishop\core\Router.php | Строка: 39
=================
[2017-08-22 08:52:48] Текст ошибки: Страница не найдена | Файл: D:\WebServer\domains\ishop2.loc\vendor\ishop\core\Router.php | Строка: 39
=================
[2017-08-22 08:52:48] Текст ошибки: Страница не найдена | Файл: D:\WebServer\domains\ishop2.loc\vendor\ishop\core\Router.php | Строка: 39
=================
[2017-08-22 08:52:48] Текст ошибки: Страница не найдена | Файл: D:\WebServer\domains\ishop2.loc\vendor\ishop\core\Router.php | Строка: 39
=================
[2017-08-22 08:52:48] Текст ошибки: Страница не найдена | Файл: D:\WebServer\domains\ishop2.loc\vendor\ishop\core\Router.php | Строка: 39
=================
[2017-08-22 08:52:48] Текст ошибки: Страница не найдена | Файл: D:\WebServer\domains\ishop2.loc\vendor\ishop\core\Router.php | Строка: 39
=================
[2017-08-22 08:52:48] Текст ошибки: Страница не найдена | Файл: D:\WebServer\domains\ishop2.loc\vendor\ishop\core\Router.php | Строка: 39
=================
[2017-08-22 08:52:48] Текст ошибки: Страница не найдена | Файл: D:\WebServer\domains\ishop2.loc\vendor\ishop\core\Router.php | Строка: 39
=================
[2017-08-22 08:52:48] Текст ошибки: Страница не найдена | Файл: D:\WebServer\domains\ishop2.loc\vendor\ishop\core\Router.php | Строка: 39
=================
[2017-08-22 08:52:48] Текст ошибки: Страница не найдена | Файл: D:\WebServer\domains\ishop2.loc\vendor\ishop\core\Router.php | Строка: 39
=================
[2017-08-22 08:52:48] Текст ошибки: Страница не найдена | Файл: D:\WebServer\domains\ishop2.loc\vendor\ishop\core\Router.php | Строка: 39
=================
[2017-08-22 08:52:48] Текст ошибки: Страница не найдена | Файл: D:\WebServer\domains\ishop2.loc\vendor\ishop\core\Router.php | Строка: 39
=================
[2017-08-22 08:52:48] Текст ошибки: Страница не найдена | Файл: D:\WebServer\domains\ishop2.loc\vendor\ishop\core\Router.php | Строка: 39
=================
[2017-08-22 08:52:48] Текст ошибки: Страница не найдена | Файл: D:\WebServer\domains\ishop2.loc\vendor\ishop\core\Router.php | Строка: 39
=================
[2017-08-22 08:52:48] Текст ошибки: Страница не найдена | Файл: D:\WebServer\domains\ishop2.loc\vendor\ishop\core\Router.php | Строка: 39
=================
[2017-08-22 08:52:48] Текст ошибки: Страница не найдена | Файл: D:\WebServer\domains\ishop2.loc\vendor\ishop\core\Router.php | Строка: 39
=================
[2017-08-22 08:52:48] Текст ошибки: Страница не найдена | Файл: D:\WebServer\domains\ishop2.loc\vendor\ishop\core\Router.php | Строка: 39
=================
[2017-08-22 08:52:48] Текст ошибки: Страница не найдена | Файл: D:\WebServer\domains\ishop2.loc\vendor\ishop\core\Router.php | Строка: 39
=================
[2017-08-22 08:52:48] Текст ошибки: Страница не найдена | Файл: D:\WebServer\domains\ishop2.loc\vendor\ishop\core\Router.php | Строка: 39
=================
[2017-08-22 08:52:48] Текст ошибки: Страница не найдена | Файл: D:\WebServer\domains\ishop2.loc\vendor\ishop\core\Router.php | Строка: 39
=================
[2017-08-22 08:52:48] Текст ошибки: Страница не найдена | Файл: D:\WebServer\domains\ishop2.loc\vendor\ishop\core\Router.php | Строка: 39
=================
[2017-08-22 08:52:48] Текст ошибки: Страница не найдена | Файл: D:\WebServer\domains\ishop2.loc\vendor\ishop\core\Router.php | Строка: 39
=================
[2017-08-22 08:52:48] Текст ошибки: Страница не найдена | Файл: D:\WebServer\domains\ishop2.loc\vendor\ishop\core\Router.php | Строка: 39
=================
[2017-08-22 08:52:48] Текст ошибки: Страница не найдена | Файл: D:\WebServer\domains\ishop2.loc\vendor\ishop\core\Router.php | Строка: 39
=================
[2017-08-22 08:52:48] Текст ошибки: Страница не найдена | Файл: D:\WebServer\domains\ishop2.loc\vendor\ishop\core\Router.php | Строка: 39
=================
[2017-08-22 08:52:48] Текст ошибки: Страница не найдена | Файл: D:\WebServer\domains\ishop2.loc\vendor\ishop\core\Router.php | Строка: 39
=================
[2017-08-22 08:52:48] Текст ошибки: Страница не найдена | Файл: D:\WebServer\domains\ishop2.loc\vendor\ishop\core\Router.php | Строка: 39
=================
[2017-08-22 08:52:48] Текст ошибки: Страница не найдена | Файл: D:\WebServer\domains\ishop2.loc\vendor\ishop\core\Router.php | Строка: 39
=================
[2017-08-22 08:52:48] Текст ошибки: Страница не найдена | Файл: D:\WebServer\domains\ishop2.loc\vendor\ishop\core\Router.php | Строка: 39
=================
[2017-08-22 08:52:48] Текст ошибки: Страница не найдена | Файл: D:\WebServer\domains\ishop2.loc\vendor\ishop\core\Router.php | Строка: 39
=================
[2017-08-22 08:52:48] Текст ошибки: Страница не найдена | Файл: D:\WebServer\domains\ishop2.loc\vendor\ishop\core\Router.php | Строка: 39
=================
[2017-08-22 08:52:48] Текст ошибки: Страница не найдена | Файл: D:\WebServer\domains\ishop2.loc\vendor\ishop\core\Router.php | Строка: 39
=================
[2017-08-22 08:52:48] Текст ошибки: Страница не найдена | Файл: D:\WebServer\domains\ishop2.loc\vendor\ishop\core\Router.php | Строка: 39
=================
[2017-08-22 08:52:48] Текст ошибки: Страница не найдена | Файл: D:\WebServer\domains\ishop2.loc\vendor\ishop\core\Router.php | Строка: 39
=================
[2017-08-22 08:52:48] Текст ошибки: Страница не найдена | Файл: D:\WebServer\domains\ishop2.loc\vendor\ishop\core\Router.php | Строка: 39
=================
[2017-08-22 08:52:48] Текст ошибки: Страница не найдена | Файл: D:\WebServer\domains\ishop2.loc\vendor\ishop\core\Router.php | Строка: 39
=================
[2017-08-22 08:52:48] Текст ошибки: Страница не найдена | Файл: D:\WebServer\domains\ishop2.loc\vendor\ishop\core\Router.php | Строка: 39
=================
[2017-08-22 08:52:48] Текст ошибки: Страница не найдена | Файл: D:\WebServer\domains\ishop2.loc\vendor\ishop\core\Router.php | Строка: 39
=================
[2017-08-22 08:52:48] Текст ошибки: Страница не найдена | Файл: D:\WebServer\domains\ishop2.loc\vendor\ishop\core\Router.php | Строка: 39
=================
[2017-08-22 08:52:48] Текст ошибки: Страница не найдена | Файл: D:\WebServer\domains\ishop2.loc\vendor\ishop\core\Router.php | Строка: 39
=================
[2017-08-22 08:52:48] Текст ошибки: Страница не найдена | Файл: D:\WebServer\domains\ishop2.loc\vendor\ishop\core\Router.php | Строка: 39
=================
[2017-08-22 08:53:07] Текст ошибки: Страница не найдена | Файл: D:\WebServer\domains\ishop2.loc\vendor\ishop\core\Router.php | Строка: 39
=================
[2017-08-22 08:53:07] Текст ошибки: Страница не найдена | Файл: D:\WebServer\domains\ishop2.loc\vendor\ishop\core\Router.php | Строка: 39
=================
[2017-08-22 08:53:07] Текст ошибки: Страница не найдена | Файл: D:\WebServer\domains\ishop2.loc\vendor\ishop\core\Router.php | Строка: 39
=================
[2017-08-22 08:53:07] Текст ошибки: Страница не найдена | Файл: D:\WebServer\domains\ishop2.loc\vendor\ishop\core\Router.php | Строка: 39
=================
[2017-08-22 08:53:07] Текст ошибки: Страница не найдена | Файл: D:\WebServer\domains\ishop2.loc\vendor\ishop\core\Router.php | Строка: 39
=================
[2017-08-22 08:53:07] Текст ошибки: Страница не найдена | Файл: D:\WebServer\domains\ishop2.loc\vendor\ishop\core\Router.php | Строка: 39
=================
[2017-08-22 08:53:07] Текст ошибки: Страница не найдена | Файл: D:\WebServer\domains\ishop2.loc\vendor\ishop\core\Router.php | Строка: 39
=================
[2017-08-22 08:53:07] Текст ошибки: Страница не найдена | Файл: D:\WebServer\domains\ishop2.loc\vendor\ishop\core\Router.php | Строка: 39
=================
[2017-08-22 08:53:07] Текст ошибки: Страница не найдена | Файл: D:\WebServer\domains\ishop2.loc\vendor\ishop\core\Router.php | Строка: 39
=================
[2017-08-22 08:53:07] Текст ошибки: Страница не найдена | Файл: D:\WebServer\domains\ishop2.loc\vendor\ishop\core\Router.php | Строка: 39
=================
[2017-08-22 08:53:07] Текст ошибки: Страница не найдена | Файл: D:\WebServer\domains\ishop2.loc\vendor\ishop\core\Router.php | Строка: 39
=================
[2017-08-22 08:53:07] Текст ошибки: Страница не найдена | Файл: D:\WebServer\domains\ishop2.loc\vendor\ishop\core\Router.php | Строка: 39
=================
[2017-08-22 08:53:07] Текст ошибки: Страница не найдена | Файл: D:\WebServer\domains\ishop2.loc\vendor\ishop\core\Router.php | Строка: 39
=================
[2017-08-22 08:53:07] Текст ошибки: Страница не найдена | Файл: D:\WebServer\domains\ishop2.loc\vendor\ishop\core\Router.php | Строка: 39
=================
[2017-08-22 08:53:07] Текст ошибки: Страница не найдена | Файл: D:\WebServer\domains\ishop2.loc\vendor\ishop\core\Router.php | Строка: 39
=================
[2017-08-22 08:53:07] Текст ошибки: Страница не найдена | Файл: D:\WebServer\domains\ishop2.loc\vendor\ishop\core\Router.php | Строка: 39
=================
[2017-08-22 08:53:07] Текст ошибки: Страница не найдена | Файл: D:\WebServer\domains\ishop2.loc\vendor\ishop\core\Router.php | Строка: 39
=================
[2017-08-22 08:53:07] Текст ошибки: Страница не найдена | Файл: D:\WebServer\domains\ishop2.loc\vendor\ishop\core\Router.php | Строка: 39
=================
[2017-08-22 08:53:07] Текст ошибки: Страница не найдена | Файл: D:\WebServer\domains\ishop2.loc\vendor\ishop\core\Router.php | Строка: 39
=================
[2017-08-22 08:53:07] Текст ошибки: Страница не найдена | Файл: D:\WebServer\domains\ishop2.loc\vendor\ishop\core\Router.php | Строка: 39
=================
[2017-08-22 08:53:07] Текст ошибки: Страница не найдена | Файл: D:\WebServer\domains\ishop2.loc\vendor\ishop\core\Router.php | Строка: 39
=================
[2017-08-22 08:53:07] Текст ошибки: Страница не найдена | Файл: D:\WebServer\domains\ishop2.loc\vendor\ishop\core\Router.php | Строка: 39
=================
[2017-08-22 08:53:07] Текст ошибки: Страница не найдена | Файл: D:\WebServer\domains\ishop2.loc\vendor\ishop\core\Router.php | Строка: 39
=================
[2017-08-22 08:53:07] Текст ошибки: Страница не найдена | Файл: D:\WebServer\domains\ishop2.loc\vendor\ishop\core\Router.php | Строка: 39
=================
[2017-08-22 08:53:07] Текст ошибки: Страница не найдена | Файл: D:\WebServer\domains\ishop2.loc\vendor\ishop\core\Router.php | Строка: 39
=================
[2017-08-22 08:53:07] Текст ошибки: Страница не найдена | Файл: D:\WebServer\domains\ishop2.loc\vendor\ishop\core\Router.php | Строка: 39
=================
[2017-08-22 08:53:07] Текст ошибки: Страница не найдена | Файл: D:\WebServer\domains\ishop2.loc\vendor\ishop\core\Router.php | Строка: 39
=================
[2017-08-22 08:53:07] Текст ошибки: Страница не найдена | Файл: D:\WebServer\domains\ishop2.loc\vendor\ishop\core\Router.php | Строка: 39
=================
[2017-08-22 08:53:07] Текст ошибки: Страница не найдена | Файл: D:\WebServer\domains\ishop2.loc\vendor\ishop\core\Router.php | Строка: 39
=================
[2017-08-22 08:53:07] Текст ошибки: Страница не найдена | Файл: D:\WebServer\domains\ishop2.loc\vendor\ishop\core\Router.php | Строка: 39
=================
[2017-08-22 08:53:07] Текст ошибки: Страница не найдена | Файл: D:\WebServer\domains\ishop2.loc\vendor\ishop\core\Router.php | Строка: 39
=================
[2017-08-22 08:53:07] Текст ошибки: Страница не найдена | Файл: D:\WebServer\domains\ishop2.loc\vendor\ishop\core\Router.php | Строка: 39
=================
[2017-08-22 08:53:07] Текст ошибки: Страница не найдена | Файл: D:\WebServer\domains\ishop2.loc\vendor\ishop\core\Router.php | Строка: 39
=================
[2017-08-22 08:53:07] Текст ошибки: Страница не найдена | Файл: D:\WebServer\domains\ishop2.loc\vendor\ishop\core\Router.php | Строка: 39
=================
[2017-08-22 08:53:07] Текст ошибки: Страница не найдена | Файл: D:\WebServer\domains\ishop2.loc\vendor\ishop\core\Router.php | Строка: 39
=================
[2017-08-22 08:53:07] Текст ошибки: Страница не найдена | Файл: D:\WebServer\domains\ishop2.loc\vendor\ishop\core\Router.php | Строка: 39
=================
[2017-08-22 08:53:07] Текст ошибки: Страница не найдена | Файл: D:\WebServer\domains\ishop2.loc\vendor\ishop\core\Router.php | Строка: 39
=================
[2017-08-22 08:53:07] Текст ошибки: Страница не найдена | Файл: D:\WebServer\domains\ishop2.loc\vendor\ishop\core\Router.php | Строка: 39
=================
[2017-08-22 08:53:07] Текст ошибки: Страница не найдена | Файл: D:\WebServer\domains\ishop2.loc\vendor\ishop\core\Router.php | Строка: 39
=================
[2017-08-22 08:53:07] Текст ошибки: Страница не найдена | Файл: D:\WebServer\domains\ishop2.loc\vendor\ishop\core\Router.php | Строка: 39
=================
[2017-08-22 08:53:07] Текст ошибки: Страница не найдена | Файл: D:\WebServer\domains\ishop2.loc\vendor\ishop\core\Router.php | Строка: 39
=================
[2017-08-22 08:53:07] Текст ошибки: Страница не найдена | Файл: D:\WebServer\domains\ishop2.loc\vendor\ishop\core\Router.php | Строка: 39
=================
[2017-08-22 08:53:07] Текст ошибки: Страница не найдена | Файл: D:\WebServer\domains\ishop2.loc\vendor\ishop\core\Router.php | Строка: 39
=================
[2017-08-22 08:53:07] Текст ошибки: Страница не найдена | Файл: D:\WebServer\domains\ishop2.loc\vendor\ishop\core\Router.php | Строка: 39
=================
[2017-08-22 08:53:26] Текст ошибки: Страница не найдена | Файл: D:\WebServer\domains\ishop2.loc\vendor\ishop\core\Router.php | Строка: 39
=================
[2017-08-22 08:53:26] Текст ошибки: Страница не найдена | Файл: D:\WebServer\domains\ishop2.loc\vendor\ishop\core\Router.php | Строка: 39
=================
[2017-08-22 08:53:26] Текст ошибки: Страница не найдена | Файл: D:\WebServer\domains\ishop2.loc\vendor\ishop\core\Router.php | Строка: 39
=================
[2017-08-22 08:53:26] Текст ошибки: Страница не найдена | Файл: D:\WebServer\domains\ishop2.loc\vendor\ishop\core\Router.php | Строка: 39
=================
[2017-08-22 08:53:26] Текст ошибки: Страница не найдена | Файл: D:\WebServer\domains\ishop2.loc\vendor\ishop\core\Router.php | Строка: 39
=================
[2017-08-22 08:53:26] Текст ошибки: Страница не найдена | Файл: D:\WebServer\domains\ishop2.loc\vendor\ishop\core\Router.php | Строка: 39
=================
[2017-08-22 08:53:26] Текст ошибки: Страница не найдена | Файл: D:\WebServer\domains\ishop2.loc\vendor\ishop\core\Router.php | Строка: 39
=================
[2017-08-22 08:53:26] Текст ошибки: Страница не найдена | Файл: D:\WebServer\domains\ishop2.loc\vendor\ishop\core\Router.php | Строка: 39
=================
[2017-08-22 08:53:26] Текст ошибки: Страница не найдена | Файл: D:\WebServer\domains\ishop2.loc\vendor\ishop\core\Router.php | Строка: 39
=================
[2017-08-22 08:53:26] Текст ошибки: Страница не найдена | Файл: D:\WebServer\domains\ishop2.loc\vendor\ishop\core\Router.php | Строка: 39
=================
[2017-08-22 08:53:26] Текст ошибки: Страница не найдена | Файл: D:\WebServer\domains\ishop2.loc\vendor\ishop\core\Router.php | Строка: 39
=================
[2017-08-22 08:53:26] Текст ошибки: Страница не найдена | Файл: D:\WebServer\domains\ishop2.loc\vendor\ishop\core\Router.php | Строка: 39
=================
[2017-08-22 08:53:26] Текст ошибки: Страница не найдена | Файл: D:\WebServer\domains\ishop2.loc\vendor\ishop\core\Router.php | Строка: 39
=================
[2017-08-22 08:53:26] Текст ошибки: Страница не найдена | Файл: D:\WebServer\domains\ishop2.loc\vendor\ishop\core\Router.php | Строка: 39
=================
[2017-08-22 08:53:26] Текст ошибки: Страница не найдена | Файл: D:\WebServer\domains\ishop2.loc\vendor\ishop\core\Router.php | Строка: 39
=================
[2017-08-22 08:53:26] Текст ошибки: Страница не найдена | Файл: D:\WebServer\domains\ishop2.loc\vendor\ishop\core\Router.php | Строка: 39
=================
[2017-08-22 08:53:26] Текст ошибки: Страница не найдена | Файл: D:\WebServer\domains\ishop2.loc\vendor\ishop\core\Router.php | Строка: 39
=================
[2017-08-22 08:53:26] Текст ошибки: Страница не найдена | Файл: D:\WebServer\domains\ishop2.loc\vendor\ishop\core\Router.php | Строка: 39
=================
[2017-08-22 08:53:26] Текст ошибки: Страница не найдена | Файл: D:\WebServer\domains\ishop2.loc\vendor\ishop\core\Router.php | Строка: 39
=================
[2017-08-22 08:53:26] Текст ошибки: Страница не найдена | Файл: D:\WebServer\domains\ishop2.loc\vendor\ishop\core\Router.php | Строка: 39
=================
[2017-08-22 08:53:26] Текст ошибки: Страница не найдена | Файл: D:\WebServer\domains\ishop2.loc\vendor\ishop\core\Router.php | Строка: 39
=================
[2017-08-22 08:53:26] Текст ошибки: Страница не найдена | Файл: D:\WebServer\domains\ishop2.loc\vendor\ishop\core\Router.php | Строка: 39
=================
[2017-08-22 08:53:26] Текст ошибки: Страница не найдена | Файл: D:\WebServer\domains\ishop2.loc\vendor\ishop\core\Router.php | Строка: 39
=================
[2017-08-22 08:53:26] Текст ошибки: Страница не найдена | Файл: D:\WebServer\domains\ishop2.loc\vendor\ishop\core\Router.php | Строка: 39
=================
[2017-08-22 08:53:26] Текст ошибки: Страница не найдена | Файл: D:\WebServer\domains\ishop2.loc\vendor\ishop\core\Router.php | Строка: 39
=================
[2017-08-22 08:53:26] Текст ошибки: Страница не найдена | Файл: D:\WebServer\domains\ishop2.loc\vendor\ishop\core\Router.php | Строка: 39
=================
[2017-08-22 08:53:26] Текст ошибки: Страница не найдена | Файл: D:\WebServer\domains\ishop2.loc\vendor\ishop\core\Router.php | Строка: 39
=================
[2017-08-22 08:53:26] Текст ошибки: Страница не найдена | Файл: D:\WebServer\domains\ishop2.loc\vendor\ishop\core\Router.php | Строка: 39
=================
[2017-08-22 08:53:26] Текст ошибки: Страница не найдена | Файл: D:\WebServer\domains\ishop2.loc\vendor\ishop\core\Router.php | Строка: 39
=================
[2017-08-22 08:53:26] Текст ошибки: Страница не найдена | Файл: D:\WebServer\domains\ishop2.loc\vendor\ishop\core\Router.php | Строка: 39
=================
[2017-08-22 08:53:26] Текст ошибки: Страница не найдена | Файл: D:\WebServer\domains\ishop2.loc\vendor\ishop\core\Router.php | Строка: 39
=================
[2017-08-22 08:53:26] Текст ошибки: Страница не найдена | Файл: D:\WebServer\domains\ishop2.loc\vendor\ishop\core\Router.php | Строка: 39
=================
[2017-08-22 08:53:26] Текст ошибки: Страница не найдена | Файл: D:\WebServer\domains\ishop2.loc\vendor\ishop\core\Router.php | Строка: 39
=================
[2017-08-22 08:53:26] Текст ошибки: Страница не найдена | Файл: D:\WebServer\domains\ishop2.loc\vendor\ishop\core\Router.php | Строка: 39
=================
[2017-08-22 08:53:26] Текст ошибки: Страница не найдена | Файл: D:\WebServer\domains\ishop2.loc\vendor\ishop\core\Router.php | Строка: 39
=================
[2017-08-22 08:53:26] Текст ошибки: Страница не найдена | Файл: D:\WebServer\domains\ishop2.loc\vendor\ishop\core\Router.php | Строка: 39
=================
[2017-08-22 08:53:26] Текст ошибки: Страница не найдена | Файл: D:\WebServer\domains\ishop2.loc\vendor\ishop\core\Router.php | Строка: 39
=================
[2017-08-22 08:53:26] Текст ошибки: Страница не найдена | Файл: D:\WebServer\domains\ishop2.loc\vendor\ishop\core\Router.php | Строка: 39
=================
[2017-08-22 08:53:26] Текст ошибки: Страница не найдена | Файл: D:\WebServer\domains\ishop2.loc\vendor\ishop\core\Router.php | Строка: 39
=================
[2017-08-22 08:53:26] Текст ошибки: Страница не найдена | Файл: D:\WebServer\domains\ishop2.loc\vendor\ishop\core\Router.php | Строка: 39
=================
[2017-08-22 08:53:26] Текст ошибки: Страница не найдена | Файл: D:\WebServer\domains\ishop2.loc\vendor\ishop\core\Router.php | Строка: 39
=================
[2017-08-22 08:53:26] Текст ошибки: Страница не найдена | Файл: D:\WebServer\domains\ishop2.loc\vendor\ishop\core\Router.php | Строка: 39
=================
[2017-08-22 08:53:26] Текст ошибки: Страница не найдена | Файл: D:\WebServer\domains\ishop2.loc\vendor\ishop\core\Router.php | Строка: 39
=================
[2017-08-22 08:53:26] Текст ошибки: Страница не найдена | Файл: D:\WebServer\domains\ishop2.loc\vendor\ishop\core\Router.php | Строка: 39
=================
[2017-08-22 08:54:17] Текст ошибки: Страница не найдена | Файл: D:\WebServer\domains\ishop2.loc\vendor\ishop\core\Router.php | Строка: 39
=================
[2017-08-22 08:54:19] Текст ошибки: Страница не найдена | Файл: D:\WebServer\domains\ishop2.loc\vendor\ishop\core\Router.php | Строка: 39
=================
[2017-08-22 12:09:30] Текст ошибки: Страница не найдена | Файл: D:\WebServer\domains\ishop2.loc\vendor\ishop\core\Router.php | Строка: 39
=================
[2017-08-22 12:09:30] Текст ошибки: Страница не найдена | Файл: D:\WebServer\domains\ishop2.loc\vendor\ishop\core\Router.php | Строка: 39
=================
[2017-08-22 12:54:44] Текст ошибки: Страница не найдена | Файл: D:\WebServer\domains\ishop2.loc\vendor\ishop\core\Router.php | Строка: 39
=================
[2017-08-22 13:12:46] Текст ошибки: Контроллер app\controllers\CartController не найден | Файл: D:\WebServer\domains\ishop2.loc\vendor\ishop\core\Router.php | Строка: 36
=================
[2017-08-22 16:29:27] Текст ошибки: Страница не найдена | Файл: D:\WebServer\domains\ishop2.loc\vendor\ishop\core\Router.php | Строка: 39
=================
[2017-08-22 16:29:27] Текст ошибки: Страница не найдена | Файл: D:\WebServer\domains\ishop2.loc\vendor\ishop\core\Router.php | Строка: 39
=================
[2017-08-23 09:05:20] Текст ошибки: Страница не найдена | Файл: D:\WebServer\domains\ishop2.loc\vendor\ishop\core\Router.php | Строка: 39
=================
[2017-08-23 09:05:21] Текст ошибки: Страница не найдена | Файл: D:\WebServer\domains\ishop2.loc\vendor\ishop\core\Router.php | Строка: 39
=================
[2017-08-23 12:28:14] Текст ошибки: Страница не найдена | Файл: D:\WebServer\domains\ishop2.loc\vendor\ishop\core\Router.php | Строка: 39
=================
[2017-08-23 12:28:14] Текст ошибки: Страница не найдена | Файл: D:\WebServer\domains\ishop2.loc\vendor\ishop\core\Router.php | Строка: 39
=================
[2017-08-23 12:42:37] Текст ошибки: Страница не найдена | Файл: D:\WebServer\domains\ishop2.loc\vendor\ishop\core\Router.php | Строка: 39
=================
[2017-08-23 12:44:03] Текст ошибки: Страница не найдена | Файл: D:\WebServer\domains\ishop2.loc\vendor\ishop\core\Router.php | Строка: 39
=================
[2017-08-23 12:45:48] Текст ошибки: Контроллер app\controllers\ProductController не найден | Файл: D:\WebServer\domains\ishop2.loc\vendor\ishop\core\Router.php | Строка: 36
=================
[2017-08-23 12:47:17] Текст ошибки: Страница не найдена | Файл: D:\WebServer\domains\ishop2.loc\vendor\ishop\core\Router.php | Строка: 39
=================
[2017-08-23 12:47:17] Текст ошибки: Страница не найдена | Файл: D:\WebServer\domains\ishop2.loc\vendor\ishop\core\Router.php | Строка: 39
=================
[2017-08-23 12:47:17] Текст ошибки: Страница не найдена | Файл: D:\WebServer\domains\ishop2.loc\vendor\ishop\core\Router.php | Строка: 39
=================
[2017-08-23 12:47:17] Текст ошибки: Страница не найдена | Файл: D:\WebServer\domains\ishop2.loc\vendor\ishop\core\Router.php | Строка: 39
=================
[2017-08-23 12:47:17] Текст ошибки: Страница не найдена | Файл: D:\WebServer\domains\ishop2.loc\vendor\ishop\core\Router.php | Строка: 39
=================
[2017-08-23 12:47:17] Текст ошибки: Страница не найдена | Файл: D:\WebServer\domains\ishop2.loc\vendor\ishop\core\Router.php | Строка: 39
=================
[2017-08-23 12:47:17] Текст ошибки: Страница не найдена | Файл: D:\WebServer\domains\ishop2.loc\vendor\ishop\core\Router.php | Строка: 39
=================
[2017-08-23 12:47:17] Текст ошибки: Страница не найдена | Файл: D:\WebServer\domains\ishop2.loc\vendor\ishop\core\Router.php | Строка: 39
=================
[2017-08-23 12:47:17] Текст ошибки: Страница не найдена | Файл: D:\WebServer\domains\ishop2.loc\vendor\ishop\core\Router.php | Строка: 39
=================
[2017-08-23 12:47:17] Текст ошибки: Страница не найдена | Файл: D:\WebServer\domains\ishop2.loc\vendor\ishop\core\Router.php | Строка: 39
=================
[2017-08-23 12:47:17] Текст ошибки: Страница не найдена | Файл: D:\WebServer\domains\ishop2.loc\vendor\ishop\core\Router.php | Строка: 39
=================
[2017-08-23 12:47:17] Текст ошибки: Страница не найдена | Файл: D:\WebServer\domains\ishop2.loc\vendor\ishop\core\Router.php | Строка: 39
=================
[2017-08-23 12:47:17] Текст ошибки: Страница не найдена | Файл: D:\WebServer\domains\ishop2.loc\vendor\ishop\core\Router.php | Строка: 39
=================
[2017-08-23 12:47:17] Текст ошибки: Страница не найдена | Файл: D:\WebServer\domains\ishop2.loc\vendor\ishop\core\Router.php | Строка: 39
=================
[2017-08-23 12:47:17] Текст ошибки: Страница не найдена | Файл: D:\WebServer\domains\ishop2.loc\vendor\ishop\core\Router.php | Строка: 39
=================
[2017-08-23 12:47:17] Текст ошибки: Страница не найдена | Файл: D:\WebServer\domains\ishop2.loc\vendor\ishop\core\Router.php | Строка: 39
=================
[2017-08-23 12:47:36] Текст ошибки: Страница не найдена | Файл: D:\WebServer\domains\ishop2.loc\vendor\ishop\core\Router.php | Строка: 39
=================
[2017-08-23 12:47:36] Текст ошибки: Страница не найдена | Файл: D:\WebServer\domains\ishop2.loc\vendor\ishop\core\Router.php | Строка: 39
=================
[2017-08-23 12:47:36] Текст ошибки: Страница не найдена | Файл: D:\WebServer\domains\ishop2.loc\vendor\ishop\core\Router.php | Строка: 39
=================
[2017-08-23 12:47:36] Текст ошибки: Страница не найдена | Файл: D:\WebServer\domains\ishop2.loc\vendor\ishop\core\Router.php | Строка: 39
=================
[2017-08-23 12:47:36] Текст ошибки: Страница не найдена | Файл: D:\WebServer\domains\ishop2.loc\vendor\ishop\core\Router.php | Строка: 39
=================
[2017-08-23 12:47:36] Текст ошибки: Страница не найдена | Файл: D:\WebServer\domains\ishop2.loc\vendor\ishop\core\Router.php | Строка: 39
=================
[2017-08-23 12:47:36] Текст ошибки: Страница не найдена | Файл: D:\WebServer\domains\ishop2.loc\vendor\ishop\core\Router.php | Строка: 39
=================
[2017-08-23 12:47:36] Текст ошибки: Страница не найдена | Файл: D:\WebServer\domains\ishop2.loc\vendor\ishop\core\Router.php | Строка: 39
=================
[2017-08-23 12:47:36] Текст ошибки: Страница не найдена | Файл: D:\WebServer\domains\ishop2.loc\vendor\ishop\core\Router.php | Строка: 39
=================
[2017-08-23 12:47:36] Текст ошибки: Страница не найдена | Файл: D:\WebServer\domains\ishop2.loc\vendor\ishop\core\Router.php | Строка: 39
=================
[2017-08-23 12:47:36] Текст ошибки: Страница не найдена | Файл: D:\WebServer\domains\ishop2.loc\vendor\ishop\core\Router.php | Строка: 39
=================
[2017-08-23 12:47:36] Текст ошибки: Страница не найдена | Файл: D:\WebServer\domains\ishop2.loc\vendor\ishop\core\Router.php | Строка: 39
=================
[2017-08-23 12:47:36] Текст ошибки: Страница не найдена | Файл: D:\WebServer\domains\ishop2.loc\vendor\ishop\core\Router.php | Строка: 39
=================
[2017-08-23 12:47:36] Текст ошибки: Страница не найдена | Файл: D:\WebServer\domains\ishop2.loc\vendor\ishop\core\Router.php | Строка: 39
=================
[2017-08-23 12:47:36] Текст ошибки: Страница не найдена | Файл: D:\WebServer\domains\ishop2.loc\vendor\ishop\core\Router.php | Строка: 39
=================
[2017-08-23 12:47:36] Текст ошибки: Страница не найдена | Файл: D:\WebServer\domains\ishop2.loc\vendor\ishop\core\Router.php | Строка: 39
=================
[2017-08-23 12:48:04] Текст ошибки: Страница не найдена | Файл: D:\WebServer\domains\ishop2.loc\vendor\ishop\core\Router.php | Строка: 39
=================
[2017-08-23 12:48:04] Текст ошибки: Страница не найдена | Файл: D:\WebServer\domains\ishop2.loc\vendor\ishop\core\Router.php | Строка: 39
=================
[2017-08-23 12:48:04] Текст ошибки: Страница не найдена | Файл: D:\WebServer\domains\ishop2.loc\vendor\ishop\core\Router.php | Строка: 39
=================
[2017-08-23 12:48:04] Текст ошибки: Страница не найдена | Файл: D:\WebServer\domains\ishop2.loc\vendor\ishop\core\Router.php | Строка: 39
=================
[2017-08-23 12:48:04] Текст ошибки: Страница не найдена | Файл: D:\WebServer\domains\ishop2.loc\vendor\ishop\core\Router.php | Строка: 39
=================
[2017-08-23 12:48:04] Текст ошибки: Страница не найдена | Файл: D:\WebServer\domains\ishop2.loc\vendor\ishop\core\Router.php | Строка: 39
=================
[2017-08-23 12:48:04] Текст ошибки: Страница не найдена | Файл: D:\WebServer\domains\ishop2.loc\vendor\ishop\core\Router.php | Строка: 39
=================
[2017-08-23 12:48:04] Текст ошибки: Страница не найдена | Файл: D:\WebServer\domains\ishop2.loc\vendor\ishop\core\Router.php | Строка: 39
=================
[2017-08-23 12:48:04] Текст ошибки: Страница не найдена | Файл: D:\WebServer\domains\ishop2.loc\vendor\ishop\core\Router.php | Строка: 39
=================
[2017-08-23 12:48:04] Текст ошибки: Страница не найдена | Файл: D:\WebServer\domains\ishop2.loc\vendor\ishop\core\Router.php | Строка: 39
=================
[2017-08-23 12:48:05] Текст ошибки: Страница не найдена | Файл: D:\WebServer\domains\ishop2.loc\vendor\ishop\core\Router.php | Строка: 39
=================
[2017-08-23 12:48:05] Текст ошибки: Страница не найдена | Файл: D:\WebServer\domains\ishop2.loc\vendor\ishop\core\Router.php | Строка: 39
=================
[2017-08-23 12:48:05] Текст ошибки: Страница не найдена | Файл: D:\WebServer\domains\ishop2.loc\vendor\ishop\core\Router.php | Строка: 39
=================
[2017-08-23 12:48:05] Текст ошибки: Страница не найдена | Файл: D:\WebServer\domains\ishop2.loc\vendor\ishop\core\Router.php | Строка: 39
=================
[2017-08-23 12:48:05] Текст ошибки: Страница не найдена | Файл: D:\WebServer\domains\ishop2.loc\vendor\ishop\core\Router.php | Строка: 39
=================
[2017-08-23 12:48:12] Текст ошибки: Страница не найдена | Файл: D:\WebServer\domains\ishop2.loc\vendor\ishop\core\Router.php | Строка: 39
=================
[2017-08-23 12:48:12] Текст ошибки: Страница не найдена | Файл: D:\WebServer\domains\ishop2.loc\vendor\ishop\core\Router.php | Строка: 39
=================
[2017-08-23 12:48:12] Текст ошибки: Страница не найдена | Файл: D:\WebServer\domains\ishop2.loc\vendor\ishop\core\Router.php | Строка: 39
=================
[2017-08-23 12:48:12] Текст ошибки: Страница не найдена | Файл: D:\WebServer\domains\ishop2.loc\vendor\ishop\core\Router.php | Строка: 39
=================
[2017-08-23 12:48:12] Текст ошибки: Страница не найдена | Файл: D:\WebServer\domains\ishop2.loc\vendor\ishop\core\Router.php | Строка: 39
=================
[2017-08-23 12:48:12] Текст ошибки: Страница не найдена | Файл: D:\WebServer\domains\ishop2.loc\vendor\ishop\core\Router.php | Строка: 39
=================
[2017-08-23 12:48:12] Текст ошибки: Страница не найдена | Файл: D:\WebServer\domains\ishop2.loc\vendor\ishop\core\Router.php | Строка: 39
=================
[2017-08-23 12:48:12] Текст ошибки: Страница не найдена | Файл: D:\WebServer\domains\ishop2.loc\vendor\ishop\core\Router.php | Строка: 39
=================
[2017-08-23 12:48:12] Текст ошибки: Страница не найдена | Файл: D:\WebServer\domains\ishop2.loc\vendor\ishop\core\Router.php | Строка: 39
=================
[2017-08-23 12:48:12] Текст ошибки: Страница не найдена | Файл: D:\WebServer\domains\ishop2.loc\vendor\ishop\core\Router.php | Строка: 39
=================
[2017-08-23 12:48:12] Текст ошибки: Страница не найдена | Файл: D:\WebServer\domains\ishop2.loc\vendor\ishop\core\Router.php | Строка: 39
=================
[2017-08-23 12:48:12] Текст ошибки: Страница не найдена | Файл: D:\WebServer\domains\ishop2.loc\vendor\ishop\core\Router.php | Строка: 39
=================
[2017-08-23 12:48:12] Текст ошибки: Страница не найдена | Файл: D:\WebServer\domains\ishop2.loc\vendor\ishop\core\Router.php | Строка: 39
=================
[2017-08-23 12:48:12] Текст ошибки: Страница не найдена | Файл: D:\WebServer\domains\ishop2.loc\vendor\ishop\core\Router.php | Строка: 39
=================
[2017-08-23 12:48:12] Текст ошибки: Страница не найдена | Файл: D:\WebServer\domains\ishop2.loc\vendor\ishop\core\Router.php | Строка: 39
=================
[2017-08-23 12:48:12] Текст ошибки: Страница не найдена | Файл: D:\WebServer\domains\ishop2.loc\vendor\ishop\core\Router.php | Строка: 39
=================
[2017-08-23 12:48:47] Текст ошибки: Страница не найдена | Файл: D:\WebServer\domains\ishop2.loc\vendor\ishop\core\Router.php | Строка: 39
=================
[2017-08-23 12:54:04] Текст ошибки: Страница не найдена | Файл: D:\WebServer\domains\ishop2.loc\app\controllers\ProductController.php | Строка: 11
=================
[2017-08-23 16:15:37] Текст ошибки: Страница не найдена | Файл: D:\WebServer\domains\ishop2.loc\vendor\ishop\core\Router.php | Строка: 39
=================
[2017-08-23 16:15:37] Текст ошибки: Страница не найдена | Файл: D:\WebServer\domains\ishop2.loc\vendor\ishop\core\Router.php | Строка: 39
=================
[2017-08-23 16:21:55] Текст ошибки: SQLSTATE[42S02]: Base table or view not found: 1146 Table 'ishop2.realted_product' doesn't exist | Файл: D:\WebServer\domains\ishop2.loc\vendor\gabordemooij\redbean\RedBeanPHP\Driver\RPDO.php | Строка: 186
=================
[2017-08-23 16:23:04] Текст ошибки: Контроллер app\controllers\CartController не найден | Файл: D:\WebServer\domains\ishop2.loc\vendor\ishop\core\Router.php | Строка: 36
=================
[2017-08-24 11:32:20] Текст ошибки: Страница не найдена | Файл: D:\WebServer\domains\ishop2.loc\vendor\ishop\core\Router.php | Строка: 39
=================
[2017-08-24 11:32:20] Текст ошибки: Страница не найдена | Файл: D:\WebServer\domains\ishop2.loc\vendor\ishop\core\Router.php | Строка: 39
=================
[2017-08-26 12:17:37] Текст ошибки: Страница не найдена | Файл: D:\WebServer\domains\ishop2.loc\vendor\ishop\core\Router.php | Строка: 39
=================
[2017-08-26 12:17:38] Текст ошибки: Страница не найдена | Файл: D:\WebServer\domains\ishop2.loc\vendor\ishop\core\Router.php | Строка: 39
=================
[2017-08-26 12:39:18] Текст ошибки: На найден вид D:\WebServer\domains\ishop2.loc/app/views/Cart/add.php | Файл: D:\WebServer\domains\ishop2.loc\vendor\ishop\core\base\View.php | Строка: 38
=================
[2017-08-26 15:44:13] Текст ошибки: Страница не найдена | Файл: D:\WebServer\domains\ishop2.loc\vendor\ishop\core\Router.php | Строка: 39
=================
[2017-08-26 15:44:13] Текст ошибки: Страница не найдена | Файл: D:\WebServer\domains\ishop2.loc\vendor\ishop\core\Router.php | Строка: 39
=================
[2017-08-26 16:05:46] Текст ошибки: Страница не найдена | Файл: D:\WebServer\domains\ishop2.loc\vendor\ishop\core\Router.php | Строка: 39
=================
[2017-08-26 16:05:46] Текст ошибки: Страница не найдена | Файл: D:\WebServer\domains\ishop2.loc\vendor\ishop\core\Router.php | Строка: 39
=================
[2017-08-26 16:05:46] Текст ошибки: Страница не найдена | Файл: D:\WebServer\domains\ishop2.loc\vendor\ishop\core\Router.php | Строка: 39
=================
[2017-08-26 16:06:48] Текст ошибки: Страница не найдена | Файл: D:\WebServer\domains\ishop2.loc\vendor\ishop\core\Router.php | Строка: 39
=================
[2017-08-26 16:06:48] Текст ошибки: Страница не найдена | Файл: D:\WebServer\domains\ishop2.loc\vendor\ishop\core\Router.php | Строка: 39
=================
[2017-08-26 16:06:48] Текст ошибки: Страница не найдена | Файл: D:\WebServer\domains\ishop2.loc\vendor\ishop\core\Router.php | Строка: 39
=================
[2017-08-27 14:57:28] Текст ошибки: Контроллер app\controllers\SearchController не найден | Файл: D:\WebServer\domains\ishop2.loc\vendor\ishop\core\Router.php | Строка: 36
=================
[2017-08-27 14:58:42] Текст ошибки: На найден вид D:\WebServer\domains\ishop2.loc/app/views/Search/typeahead.php | Файл: D:\WebServer\domains\ishop2.loc\vendor\ishop\core\base\View.php | Строка: 38
=================
[2017-08-27 15:06:44] Текст ошибки: Метод app\controllers\SearchController::indexAction не найден | Файл: D:\WebServer\domains\ishop2.loc\vendor\ishop\core\Router.php | Строка: 33
=================
[2021-03-17 05:20:27] Текст ошибки: Нет соединения с БД | Файл: W:\domains\ishop2.loc\vendor\ishop\core\Db.php | Строка: 14
=================
[2021-03-17 05:20:29] Текст ошибки: Нет соединения с БД | Файл: W:\domains\ishop2.loc\vendor\ishop\core\Db.php | Строка: 14
=================
[2021-03-17 05:20:30] Текст ошибки: Нет соединения с БД | Файл: W:\domains\ishop2.loc\vendor\ishop\core\Db.php | Строка: 14
=================
[2021-03-17 09:05:41] Текст ошибки: Контроллер app\controllers\CategoryController не найден | Файл: W:\domains\ishop2.loc\vendor\ishop\core\Router.php | Строка: 36
=================
[2021-03-17 09:40:31] Текст ошибки: На найден вид W:\domains\ishop2.loc/app/views/Category/view.php | Файл: W:\domains\ishop2.loc\vendor\ishop\core\base\View.php | Строка: 38
=================
[2021-03-17 09:46:51] Текст ошибки: syntax error, unexpected 'die' (T_EXIT) | Файл: W:\domains\ishop2.loc\app\controllers\CategoryController.php | Строка: 25
=================
[2021-03-17 09:47:04] Текст ошибки: syntax error, unexpected 'die' (T_EXIT) | Файл: W:\domains\ishop2.loc\app\controllers\CategoryController.php | Строка: 25
=================
[2021-03-17 09:47:05] Текст ошибки: syntax error, unexpected 'die' (T_EXIT) | Файл: W:\domains\ishop2.loc\app\controllers\CategoryController.php | Строка: 25
=================
[2021-03-17 09:47:12] Текст ошибки: syntax error, unexpected 'die' (T_EXIT) | Файл: W:\domains\ishop2.loc\app\controllers\CategoryController.php | Строка: 25
=================
[2021-03-17 10:28:02] Текст ошибки: syntax error, unexpected 'die' (T_EXIT) | Файл: W:\domains\ishop2.loc\app\controllers\CategoryController.php | Строка: 26
=================
[2021-03-17 10:30:55] Текст ошибки: На найден вид W:\domains\ishop2.loc/app/views/Category/view.php | Файл: W:\domains\ishop2.loc\vendor\ishop\core\base\View.php | Строка: 38
=================
[2021-03-17 10:31:00] Текст ошибки: На найден вид W:\domains\ishop2.loc/app/views/Category/view.php | Файл: W:\domains\ishop2.loc\vendor\ishop\core\base\View.php | Строка: 38
=================
[2021-03-17 10:31:00] Текст ошибки: На найден вид W:\domains\ishop2.loc/app/views/Category/view.php | Файл: W:\domains\ishop2.loc\vendor\ishop\core\base\View.php | Строка: 38
=================
[2021-03-17 10:31:11] Текст ошибки: На найден вид W:\domains\ishop2.loc/app/views/Category/view.php | Файл: W:\domains\ishop2.loc\vendor\ishop\core\base\View.php | Строка: 38
=================
[2021-03-17 10:31:11] Текст ошибки: На найден вид W:\domains\ishop2.loc/app/views/Category/view.php | Файл: W:\domains\ishop2.loc\vendor\ishop\core\base\View.php | Строка: 38
=================
[2021-03-18 06:24:32] Текст ошибки: Too few arguments to function ishop\libs\Pagination::getCurrentPage(), 0 passed in W:\domains\ishop2.loc\vendor\ishop\core\libs\Pagination.php on line 19 and exactly 1 expected | Файл: W:\domains\ishop2.loc\vendor\ishop\core\libs\Pagination.php | Строка: 82
=================
[2021-03-18 06:29:45] Текст ошибки: Too few arguments to function ishop\libs\Pagination::getCurrentPage(), 0 passed in W:\domains\ishop2.loc\vendor\ishop\core\libs\Pagination.php on line 19 and exactly 1 expected | Файл: W:\domains\ishop2.loc\vendor\ishop\core\libs\Pagination.php | Строка: 82
=================
[2021-03-18 06:29:49] Текст ошибки: Too few arguments to function ishop\libs\Pagination::getCurrentPage(), 0 passed in W:\domains\ishop2.loc\vendor\ishop\core\libs\Pagination.php on line 19 and exactly 1 expected | Файл: W:\domains\ishop2.loc\vendor\ishop\core\libs\Pagination.php | Строка: 82
=================
[2021-03-18 07:24:31] Текст ошибки: syntax error, unexpected ',' | Файл: W:\domains\ishop2.loc\vendor\ishop\core\libs\Pagination.php | Строка: 51
=================
[2021-03-18 08:26:02] Текст ошибки: Контроллер app\controllers\UserController не найден | Файл: W:\domains\ishop2.loc\vendor\ishop\core\Router.php | Строка: 36
=================
[2021-03-18 08:38:36] Текст ошибки: На найден вид W:\domains\ishop2.loc/app/views/User/signup.php | Файл: W:\domains\ishop2.loc\vendor\ishop\core\base\View.php | Строка: 38
=================
[2021-03-18 09:28:54] Текст ошибки: syntax error, unexpected '}', expecting end of file | Файл: W:\domains\ishop2.loc\vendor\ishop\core\base\Model.php | Строка: 36
=================
[2021-03-18 09:59:59] Текст ошибки: syntax error, unexpected '}', expecting end of file | Файл: W:\domains\ishop2.loc\vendor\ishop\core\base\Model.php | Строка: 55
=================
[2021-03-19 04:53:50] Текст ошибки: Метод app\controllers\CartController::viewAction не найден | Файл: W:\domains\ishop2.loc\vendor\ishop\core\Router.php | Строка: 33
=================
[2021-03-19 05:20:30] Текст ошибки: Метод app\controllers\CartController::viewAction не найден | Файл: W:\domains\ishop2.loc\vendor\ishop\core\Router.php | Строка: 33
=================
[2021-03-19 05:20:33] Текст ошибки: Метод app\controllers\CartController::viewAction не найден | Файл: W:\domains\ishop2.loc\vendor\ishop\core\Router.php | Строка: 33
=================
[2021-03-21 04:56:56] Текст ошибки: Метод app\controllers\CartController::checkoutAction не найден | Файл: W:\domains\ishop2.loc\vendor\ishop\core\Router.php | Строка: 33
=================
[2021-03-21 04:58:32] Текст ошибки: Метод app\controllers\CartController::checkoutAction не найден | Файл: W:\domains\ishop2.loc\vendor\ishop\core\Router.php | Строка: 33
=================
[2021-03-21 05:00:40] Текст ошибки: Метод app\controllers\CartController::checkoutAction не найден | Файл: W:\domains\ishop2.loc\vendor\ishop\core\Router.php | Строка: 33
=================
[2021-03-21 05:04:10] Текст ошибки: Метод app\controllers\CartController::checkoutAction не найден | Файл: W:\domains\ishop2.loc\vendor\ishop\core\Router.php | Строка: 33
=================
[2021-03-21 05:04:35] Текст ошибки: Метод app\controllers\CartController::checkoutAction не найден | Файл: W:\domains\ishop2.loc\vendor\ishop\core\Router.php | Строка: 33
=================
[2021-03-21 05:10:10] Текст ошибки: Метод app\controllers\CartController::checkoutAction не найден | Файл: W:\domains\ishop2.loc\vendor\ishop\core\Router.php | Строка: 33
=================
[2021-03-21 05:10:30] Текст ошибки: Метод app\controllers\CartController::checkoutAction не найден | Файл: W:\domains\ishop2.loc\vendor\ishop\core\Router.php | Строка: 33
=================
[2021-03-21 05:12:57] Текст ошибки: Class 'app\controllers\User' not found | Файл: W:\domains\ishop2.loc\app\controllers\CartController.php | Строка: 62
=================
[2021-03-21 05:12:59] Текст ошибки: Class 'app\controllers\User' not found | Файл: W:\domains\ishop2.loc\app\controllers\CartController.php | Строка: 62
=================
[2021-03-21 05:13:42] Текст ошибки: Call to undefined method app\models\User::checkAuth() | Файл: W:\domains\ishop2.loc\app\controllers\CartController.php | Строка: 64
=================
[2021-03-21 08:26:39] Текст ошибки: Call to undefined method app\models\User::checkAuth() | Файл: W:\domains\ishop2.loc\app\controllers\CartController.php | Строка: 64
=================
[2021-03-21 08:59:11] Текст ошибки: syntax error, unexpected '}', expecting end of file | Файл: W:\domains\ishop2.loc\app\models\User.php | Строка: 69
=================
[2021-03-22 09:56:20] Текст ошибки: syntax error, unexpected ';' | Файл: W:\domains\ishop2.loc\app\models\Order.php | Строка: 51
=================
[2021-03-22 09:56:44] Текст ошибки: syntax error, unexpected ';', expecting ',' or ')' | Файл: W:\domains\ishop2.loc\app\models\Order.php | Строка: 55
=================
[2021-03-22 09:56:48] Текст ошибки: syntax error, unexpected ';', expecting ',' or ')' | Файл: W:\domains\ishop2.loc\app\models\Order.php | Строка: 55
=================
[2021-03-22 09:57:05] Текст ошибки: syntax error, unexpected ';', expecting ',' or ')' | Файл: W:\domains\ishop2.loc\app\models\Order.php | Строка: 54
=================
[2021-03-22 09:57:25] Текст ошибки: syntax error, unexpected ';', expecting ',' or ')' | Файл: W:\domains\ishop2.loc\app\models\Order.php | Строка: 55
=================
[2021-03-22 09:57:52] Текст ошибки: syntax error, unexpected ';', expecting ',' or ')' | Файл: W:\domains\ishop2.loc\app\models\Order.php | Строка: 55
=================
[2021-03-22 09:58:35] Текст ошибки: syntax error, unexpected '->' (T_OBJECT_OPERATOR) | Файл: W:\domains\ishop2.loc\app\models\Order.php | Строка: 52
=================
[2021-03-22 09:59:00] Текст ошибки: syntax error, unexpected ';' | Файл: W:\domains\ishop2.loc\app\models\Order.php | Строка: 55
=================
[2021-03-24 13:57:21] Текст ошибки: syntax error, unexpected 'endif' (T_ENDIF) | Файл: W:\domains\ishop2.loc\app\widgets\filter\filter_tpl.php | Строка: 12
=================
[2021-03-24 13:57:35] Текст ошибки: syntax error, unexpected 'endif' (T_ENDIF) | Файл: W:\domains\ishop2.loc\app\widgets\filter\filter_tpl.php | Строка: 12
=================
[2021-03-24 13:57:41] Текст ошибки: syntax error, unexpected 'endif' (T_ENDIF) | Файл: W:\domains\ishop2.loc\app\widgets\filter\filter_tpl.php | Строка: 12
=================
[2021-03-24 13:58:59] Текст ошибки: syntax error, unexpected 'endif' (T_ENDIF) | Файл: W:\domains\ishop2.loc\app\widgets\filter\filter_tpl.php | Строка: 12
=================
[2021-03-25 04:40:31] Текст ошибки: SQLSTATE[42S22]: Column not found: 1054 Unknown column 'product_id' in 'group statement' | Файл: W:\domains\ishop2.loc\vendor\gabordemooij\redbean\RedBeanPHP\Driver\RPDO.php | Строка: 186
=================
[2021-03-25 04:50:06] Текст ошибки: Expected response code 250 but got code "550", with message "550 Message was not accepted -- invalid mailbox.  Local mailbox user1@mail.ru is unavailable: user is terminated
" | Файл: W:\domains\ishop2.loc\vendor\swiftmailer\swiftmailer\lib\classes\Swift\Transport\AbstractSmtpTransport.php | Строка: 459
=================
[2021-03-25 08:03:09] Текст ошибки: Контроллер app\controllers\admin\MainController не найден | Файл: W:\domains\ishop2.loc\vendor\ishop\core\Router.php | Строка: 36
=================
[2021-03-25 08:07:46] Текст ошибки: Class 'R' not found | Файл: W:\domains\ishop2.loc\app\views\layouts\watches.php | Строка: 293
=================
[2021-03-25 09:16:59] Текст ошибки: Страница не найдена | Файл: W:\domains\ishop2.loc\vendor\ishop\core\Router.php | Строка: 39
=================
[2021-03-25 09:29:34] Текст ошибки: Контроллер app\controllers\admin\OrderController не найден | Файл: W:\domains\ishop2.loc\vendor\ishop\core\Router.php | Строка: 36
=================
[2021-03-25 09:29:41] Текст ошибки: Контроллер app\controllers\admin\ProductController не найден | Файл: W:\domains\ishop2.loc\vendor\ishop\core\Router.php | Строка: 36
=================
[2021-03-25 10:09:47] Текст ошибки: Контроллер app\controllers\admin\CategoryController не найден | Файл: W:\domains\ishop2.loc\vendor\ishop\core\Router.php | Строка: 36
=================
[2021-03-25 10:12:50] Текст ошибки: Страница не найдена | Файл: W:\domains\ishop2.loc\vendor\ishop\core\Router.php | Строка: 39
=================
[2021-03-25 10:17:07] Текст ошибки: Страница не найдена | Файл: W:\domains\ishop2.loc\vendor\ishop\core\Router.php | Строка: 39
=================
[2021-03-25 10:17:22] Текст ошибки: Страница не найдена | Файл: W:\domains\ishop2.loc\vendor\ishop\core\Router.php | Строка: 39
=================
[2021-03-25 10:17:27] Текст ошибки: Страница не найдена | Файл: W:\domains\ishop2.loc\vendor\ishop\core\Router.php | Строка: 39
=================
[2021-03-25 10:31:51] Текст ошибки: Контроллер app\controllers\admin\OrderController не найден | Файл: W:\domains\ishop2.loc\vendor\ishop\core\Router.php | Строка: 36
=================
[2021-03-25 10:31:56] Текст ошибки: Контроллер app\controllers\admin\CacheController не найден | Файл: W:\domains\ishop2.loc\vendor\ishop\core\Router.php | Строка: 36
=================
[2021-03-25 10:33:21] Текст ошибки: Контроллер app\controllers\admin\CacheController не найден | Файл: W:\domains\ishop2.loc\vendor\ishop\core\Router.php | Строка: 36
=================
[2021-03-25 10:33:24] Текст ошибки: Контроллер app\controllers\admin\OrderController не найден | Файл: W:\domains\ishop2.loc\vendor\ishop\core\Router.php | Строка: 36
=================
[2021-03-29 10:10:46] Текст ошибки: Страница не найдена | Файл: W:\domains\ishop2.loc\vendor\ishop\core\Router.php | Строка: 39
=================
[2021-03-29 10:12:43] Текст ошибки: Class 'R' not found | Файл: W:\domains\ishop2.loc\app\controllers\admin\MainController.php | Строка: 10
=================
[2021-03-29 10:13:10] Текст ошибки: Call to a member function count() on null | Файл: W:\domains\ishop2.loc\vendor\gabordemooij\redbean\RedBeanPHP\Facade.php | Строка: 1188
=================
[2021-03-29 10:13:10] Текст ошибки: Call to a member function count() on null | Файл: W:\domains\ishop2.loc\vendor\gabordemooij\redbean\RedBeanPHP\Facade.php | Строка: 1188
=================
[2021-03-29 10:13:11] Текст ошибки: Call to a member function count() on null | Файл: W:\domains\ishop2.loc\vendor\gabordemooij\redbean\RedBeanPHP\Facade.php | Строка: 1188
=================
[2021-03-29 10:13:11] Текст ошибки: Call to a member function count() on null | Файл: W:\domains\ishop2.loc\vendor\gabordemooij\redbean\RedBeanPHP\Facade.php | Строка: 1188
=================
[2021-03-29 10:13:43] Текст ошибки: Class 'R' not found | Файл: W:\domains\ishop2.loc\app\controllers\admin\MainController.php | Строка: 11
=================
[2021-03-29 10:13:44] Текст ошибки: Class 'R' not found | Файл: W:\domains\ishop2.loc\app\controllers\admin\MainController.php | Строка: 11
=================
[2021-03-29 10:13:44] Текст ошибки: Class 'R' not found | Файл: W:\domains\ishop2.loc\app\controllers\admin\MainController.php | Строка: 11
=================
[2021-03-29 10:14:00] Текст ошибки: Class 'R' not found | Файл: W:\domains\ishop2.loc\app\controllers\admin\MainController.php | Строка: 10
=================
[2021-03-29 10:14:01] Текст ошибки: Class 'R' not found | Файл: W:\domains\ishop2.loc\app\controllers\admin\MainController.php | Строка: 10
=================
[2021-03-29 10:14:01] Текст ошибки: Class 'R' not found | Файл: W:\domains\ishop2.loc\app\controllers\admin\MainController.php | Строка: 10
=================
[2021-03-29 10:14:01] Текст ошибки: Class 'R' not found | Файл: W:\domains\ishop2.loc\app\controllers\admin\MainController.php | Строка: 10
=================
[2021-03-29 10:14:01] Текст ошибки: Class 'R' not found | Файл: W:\domains\ishop2.loc\app\controllers\admin\MainController.php | Строка: 10
=================
[2021-03-29 10:15:16] Текст ошибки: Class 'R' not found | Файл: W:\domains\ishop2.loc\app\controllers\admin\MainController.php | Строка: 10
=================
[2021-03-29 10:15:17] Текст ошибки: Class 'R' not found | Файл: W:\domains\ishop2.loc\app\controllers\admin\MainController.php | Строка: 10
=================
[2021-03-29 10:15:17] Текст ошибки: Class 'R' not found | Файл: W:\domains\ishop2.loc\app\controllers\admin\MainController.php | Строка: 10
=================
[2021-03-29 10:15:17] Текст ошибки: Class 'R' not found | Файл: W:\domains\ishop2.loc\app\controllers\admin\MainController.php | Строка: 10
=================
[2021-03-29 10:15:25] Текст ошибки: Call to a member function count() on null | Файл: W:\domains\ishop2.loc\vendor\gabordemooij\redbean\RedBeanPHP\Facade.php | Строка: 1188
=================
[2021-03-29 10:16:39] Текст ошибки: Call to a member function count() on null | Файл: W:\domains\ishop2.loc\vendor\gabordemooij\redbean\RedBeanPHP\Facade.php | Строка: 1188
=================
[2021-03-29 10:16:40] Текст ошибки: Call to a member function count() on null | Файл: W:\domains\ishop2.loc\vendor\gabordemooij\redbean\RedBeanPHP\Facade.php | Строка: 1188
=================
[2021-03-29 10:16:41] Текст ошибки: Call to a member function count() on null | Файл: W:\domains\ishop2.loc\vendor\gabordemooij\redbean\RedBeanPHP\Facade.php | Строка: 1188
=================
[2021-03-29 10:16:47] Текст ошибки: Call to a member function count() on null | Файл: W:\domains\ishop2.loc\vendor\gabordemooij\redbean\RedBeanPHP\Facade.php | Строка: 1188
=================
[2021-03-29 10:17:10] Текст ошибки: Call to a member function count() on null | Файл: W:\domains\ishop2.loc\vendor\gabordemooij\redbean\RedBeanPHP\Facade.php | Строка: 1188
=================
[2021-03-29 10:20:52] Текст ошибки: Call to a member function count() on null | Файл: W:\domains\ishop2.loc\vendor\gabordemooij\redbean\RedBeanPHP\Facade.php | Строка: 1188
=================
[2021-03-29 10:21:54] Текст ошибки: Call to a member function count() on null | Файл: W:\domains\ishop2.loc\vendor\gabordemooij\redbean\RedBeanPHP\Facade.php | Строка: 1188
=================
[2021-03-29 10:21:57] Текст ошибки: Call to a member function count() on null | Файл: W:\domains\ishop2.loc\vendor\gabordemooij\redbean\RedBeanPHP\Facade.php | Строка: 1188
=================
[2021-03-29 10:29:01] Текст ошибки: Class 'R' not found | Файл: W:\domains\ishop2.loc\app\views\layouts\admin.php | Строка: 594
=================
[2021-03-29 10:29:02] Текст ошибки: Class 'R' not found | Файл: W:\domains\ishop2.loc\app\views\layouts\admin.php | Строка: 594
=================
[2021-03-29 10:29:05] Текст ошибки: Class 'R' not found | Файл: W:\domains\ishop2.loc\app\views\layouts\admin.php | Строка: 594
=================
[2021-03-29 10:29:10] Текст ошибки: Class 'R' not found | Файл: W:\domains\ishop2.loc\app\views\layouts\admin.php | Строка: 594
=================
[2021-03-29 10:29:28] Текст ошибки: Class 'R' not found | Файл: W:\domains\ishop2.loc\app\views\layouts\admin.php | Строка: 594
=================
[2021-03-29 10:38:33] Текст ошибки: Контроллер app\controllers\admin\ProductController не найден | Файл: W:\domains\ishop2.loc\vendor\ishop\core\Router.php | Строка: 36
=================
[2021-03-29 10:57:18] Текст ошибки: Метод app\controllers\admin\OrderController::viewAction не найден | Файл: W:\domains\ishop2.loc\vendor\ishop\core\Router.php | Строка: 33
=================
[2021-03-29 11:26:23] Текст ошибки: Expected response code 250 but got code "550", with message "550 Message was not accepted -- invalid mailbox.  Local mailbox user1@mail.ru is unavailable: user is terminated
" | Файл: W:\domains\ishop2.loc\vendor\swiftmailer\swiftmailer\lib\classes\Swift\Transport\AbstractSmtpTransport.php | Строка: 459
=================
[2021-03-29 13:05:22] Текст ошибки: Метод app\controllers\admin\OrderController::viewAction не найден | Файл: W:\domains\ishop2.loc\vendor\ishop\core\Router.php | Строка: 33
=================
[2021-03-29 13:07:02] Текст ошибки: На найден вид W:\domains\ishop2.loc/app/views/admin\Order/view.php | Файл: W:\domains\ishop2.loc\vendor\ishop\core\base\View.php | Строка: 38
=================
[2021-03-29 13:19:29] Текст ошибки: На найден вид W:\domains\ishop2.loc/app/views/admin\Order/view.php | Файл: W:\domains\ishop2.loc\vendor\ishop\core\base\View.php | Строка: 38
=================
[2021-03-29 14:39:31] Текст ошибки: Страница не найдена | Файл: W:\domains\ishop2.loc\vendor\ishop\core\Router.php | Строка: 39
=================
[2021-03-29 14:48:50] Текст ошибки: Контроллер app\controllers\admin\ProductController не найден | Файл: W:\domains\ishop2.loc\vendor\ishop\core\Router.php | Строка: 36
=================
[2021-03-30 03:34:57] Текст ошибки: Метод app\controllers\admin\OrderController::deleteAction не найден | Файл: W:\domains\ishop2.loc\vendor\ishop\core\Router.php | Строка: 33
=================
[2021-03-30 03:35:01] Текст ошибки: Метод app\controllers\admin\OrderController::changeAction не найден | Файл: W:\domains\ishop2.loc\vendor\ishop\core\Router.php | Строка: 33
=================
[2021-03-30 03:39:45] Текст ошибки: Метод app\controllers\admin\OrderController::deleteAction не найден | Файл: W:\domains\ishop2.loc\vendor\ishop\core\Router.php | Строка: 33
=================
[2021-03-30 03:39:52] Текст ошибки: Метод app\controllers\admin\OrderController::deleteAction не найден | Файл: W:\domains\ishop2.loc\vendor\ishop\core\Router.php | Строка: 33
=================
[2021-03-30 03:39:56] Текст ошибки: Метод app\controllers\admin\OrderController::deleteAction не найден | Файл: W:\domains\ishop2.loc\vendor\ishop\core\Router.php | Строка: 33
=================
[2021-03-30 03:48:05] Текст ошибки: Метод app\controllers\admin\OrderController::deleteAction не найден | Файл: W:\domains\ishop2.loc\vendor\ishop\core\Router.php | Строка: 33
=================
[2021-03-30 03:55:53] Текст ошибки: Function name must be a string | Файл: W:\domains\ishop2.loc\app\views\admin\Order\view.php | Строка: 55
=================
[2021-03-30 06:58:04] Текст ошибки: Метод app\controllers\admin\CategoryController::editAction не найден | Файл: W:\domains\ishop2.loc\vendor\ishop\core\Router.php | Строка: 33
=================
[2021-03-30 06:58:38] Текст ошибки: Метод app\controllers\admin\CategoryController::editAction не найден | Файл: W:\domains\ishop2.loc\vendor\ishop\core\Router.php | Строка: 33
=================
[2021-03-30 07:20:03] Текст ошибки: Метод app\controllers\admin\CategoryController::addAction не найден | Файл: W:\domains\ishop2.loc\vendor\ishop\core\Router.php | Строка: 33
=================
[2021-03-30 07:20:51] Текст ошибки: Метод app\controllers\admin\CategoryController::addAction не найден | Файл: W:\domains\ishop2.loc\vendor\ishop\core\Router.php | Строка: 33
=================
[2021-03-30 07:30:06] Текст ошибки: Контроллер app\controllers\admin\CacheController не найден | Файл: W:\domains\ishop2.loc\vendor\ishop\core\Router.php | Строка: 36
=================
[2021-03-30 07:33:19] Текст ошибки: Контроллер app\controllers\admin\ProductController не найден | Файл: W:\domains\ishop2.loc\vendor\ishop\core\Router.php | Строка: 36
=================
[2021-03-30 08:51:04] Текст ошибки: Контроллер app\controllers\admin\ProductController не найден | Файл: W:\domains\ishop2.loc\vendor\ishop\core\Router.php | Строка: 36
=================
[2021-03-30 09:21:40] Текст ошибки: Call to undefined method app\widgets\menu\Menu::getMenuMtml() | Файл: W:\domains\ishop2.loc\public\menu\select.php | Строка: 6
=================
[2021-03-30 09:56:26] Текст ошибки: Метод app\controllers\admin\CategoryController::editAction не найден | Файл: W:\domains\ishop2.loc\vendor\ishop\core\Router.php | Строка: 33
=================
[2021-03-30 11:15:21] Текст ошибки: Контроллер app\controllers\admin\CacheController не найден | Файл: W:\domains\ishop2.loc\vendor\ishop\core\Router.php | Строка: 36
=================
[2021-03-30 11:17:14] Текст ошибки: Контроллер app\controllers\admin\CacheController не найден | Файл: W:\domains\ishop2.loc\vendor\ishop\core\Router.php | Строка: 36
=================
[2021-03-30 12:14:01] Текст ошибки: Метод app\controllers\admin\UserController::editAction не найден | Файл: W:\domains\ishop2.loc\vendor\ishop\core\Router.php | Строка: 33
=================
[2021-03-31 03:17:08] Текст ошибки: Страница не найдена | Файл: W:\domains\ishop2.loc\vendor\ishop\core\Router.php | Строка: 39
=================
[2021-03-31 03:50:34] Текст ошибки: Метод app\controllers\admin\UserController::addAction не найден | Файл: W:\domains\ishop2.loc\vendor\ishop\core\Router.php | Строка: 33
=================
[2021-03-31 04:17:37] Текст ошибки: Контроллер app\controllers\admin\ProductController не найден | Файл: W:\domains\ishop2.loc\vendor\ishop\core\Router.php | Строка: 36
=================
[2021-03-31 04:19:31] Текст ошибки: Контроллер app\controllers\admin\UserController не найден | Файл: W:\domains\ishop2.loc\vendor\ishop\core\Router.php | Строка: 36
=================
[2021-03-31 04:19:40] Текст ошибки: Контроллер app\controllers\admin\UserController не найден | Файл: W:\domains\ishop2.loc\vendor\ishop\core\Router.php | Строка: 36
=================
